<?xml version="1.0" encoding="UTF-8"?>
<coverage generated="1601153930637" clover="3.2.0">
  <project timestamp="1601153930638" name="All files">
    <metrics statements="24" coveredstatements="24" conditionals="16" coveredconditionals="16" methods="8" coveredmethods="8" elements="48" coveredelements="48" complexity="0" loc="24" ncloc="24" packages="2" files="2" classes="2"/>
    <package name="js">
      <metrics statements="23" coveredstatements="23" conditionals="16" coveredconditionals="16" methods="8" coveredmethods="8"/>
      <file name="index.js" path="/Users/joshthom/Documents/GitHub/grip_tech_test/js/index.js">
        <metrics statements="23" coveredstatements="23" conditionals="16" coveredconditionals="16" methods="8" coveredmethods="8"/>
        <line num="1" count="11" type="cond" truecount="2" falsecount="0"/>
        <line num="5" count="3" type="stmt"/>
        <line num="7" count="3" type="stmt"/>
        <line num="8" count="21" type="cond" truecount="2" falsecount="0"/>
        <line num="9" count="11" type="cond" truecount="2" falsecount="0"/>
        <line num="10" count="4" type="stmt"/>
        <line num="15" count="3" type="cond" truecount="2" falsecount="0"/>
        <line num="16" count="1" type="stmt"/>
        <line num="19" count="2" type="stmt"/>
        <line num="20" count="2" type="stmt"/>
        <line num="23" count="4" type="stmt"/>
        <line num="24" count="2" type="stmt"/>
        <line num="31" count="4" type="cond" truecount="4" falsecount="0"/>
        <line num="32" count="1" type="stmt"/>
        <line num="35" count="3" type="stmt"/>
        <line num="37" count="3" type="stmt"/>
        <line num="38" count="21" type="cond" truecount="2" falsecount="0"/>
        <line num="39" count="6" type="stmt"/>
        <line num="43" count="3" type="stmt"/>
        <line num="44" count="4" type="stmt"/>
        <line num="47" count="3" type="cond" truecount="2" falsecount="0"/>
        <line num="48" count="1" type="stmt"/>
        <line num="50" count="2" type="stmt"/>
      </file>
    </package>
    <package name="js.tests.data">
      <metrics statements="1" coveredstatements="1" conditionals="0" coveredconditionals="0" methods="0" coveredmethods="0"/>
      <file name="testData.js" path="/Users/joshthom/Documents/GitHub/grip_tech_test/js/tests/data/testData.js">
        <metrics statements="1" coveredstatements="1" conditionals="0" coveredconditionals="0" methods="0" coveredmethods="0"/>
        <line num="1" count="2" type="stmt"/>
      </file>
    </package>
  </project>
</coverage>
