<?xml version="1.0" encoding="UTF-8"?>
<coverage generated="1601208219455" clover="3.2.0">
  <project timestamp="1601208219455" name="All files">
    <metrics statements="24" coveredstatements="24" conditionals="16" coveredconditionals="16" methods="8" coveredmethods="8" elements="48" coveredelements="48" complexity="0" loc="24" ncloc="24" packages="2" files="2" classes="2"/>
    <package name="js">
      <metrics statements="23" coveredstatements="23" conditionals="16" coveredconditionals="16" methods="8" coveredmethods="8"/>
      <file name="index.js" path="/Users/joshthom/Documents/GitHub/grip_tech_test/js/index.js">
        <metrics statements="23" coveredstatements="23" conditionals="16" coveredconditionals="16" methods="8" coveredmethods="8"/>
        <line num="1" count="11" type="cond" truecount="2" falsecount="0"/>
        <line num="3" count="5" type="stmt"/>
        <line num="4" count="6" type="stmt"/>
        <line num="9" count="3" type="stmt"/>
        <line num="11" count="3" type="stmt"/>
        <line num="12" count="21" type="cond" truecount="2" falsecount="0"/>
        <line num="13" count="11" type="cond" truecount="2" falsecount="0"/>
        <line num="14" count="4" type="stmt"/>
        <line num="19" count="3" type="cond" truecount="2" falsecount="0"/>
        <line num="20" count="1" type="stmt"/>
        <line num="23" count="2" type="stmt"/>
        <line num="25" count="4" type="stmt"/>
        <line num="26" count="2" type="stmt"/>
        <line num="33" count="4" type="cond" truecount="4" falsecount="0"/>
        <line num="34" count="1" type="stmt"/>
        <line num="37" count="3" type="stmt"/>
        <line num="39" count="3" type="stmt"/>
        <line num="40" count="21" type="cond" truecount="2" falsecount="0"/>
        <line num="41" count="6" type="stmt"/>
        <line num="45" count="3" type="stmt"/>
        <line num="47" count="3" type="cond" truecount="2" falsecount="0"/>
        <line num="48" count="1" type="stmt"/>
        <line num="50" count="2" type="stmt"/>
      </file>
    </package>
    <package name="js.tests.data">
      <metrics statements="1" coveredstatements="1" conditionals="0" coveredconditionals="0" methods="0" coveredmethods="0"/>
      <file name="testData.js" path="/Users/joshthom/Documents/GitHub/grip_tech_test/js/tests/data/testData.js">
        <metrics statements="1" coveredstatements="1" conditionals="0" coveredconditionals="0" methods="0" coveredmethods="0"/>
        <line num="1" count="2" type="stmt"/>
      </file>
    </package>
  </project>
</coverage>
