{"/Users/joshthom/Documents/GitHub/grip_tech_test/js/index.js": {"path":"/Users/joshthom/Documents/GitHub/grip_tech_test/js/index.js","statementMap":{"0":{"start":{"line":1,"column":26},"end":{"line":1,"column":75}},"1":{"start":{"line":1,"column":47},"end":{"line":1,"column":75}},"2":{"start":{"line":3,"column":22},"end":{"line":5,"column":2}},"3":{"start":{"line":3,"column":33},"end":{"line":5,"column":2}},"4":{"start":{"line":4,"column":4},"end":{"line":4,"column":16}},"5":{"start":{"line":9,"column":24},"end":{"line":9,"column":26}},"6":{"start":{"line":11,"column":4},"end":{"line":17,"column":7}},"7":{"start":{"line":12,"column":8},"end":{"line":16,"column":9}},"8":{"start":{"line":13,"column":12},"end":{"line":15,"column":13}},"9":{"start":{"line":14,"column":16},"end":{"line":14,"column":47}},"10":{"start":{"line":19,"column":4},"end":{"line":27,"column":5}},"11":{"start":{"line":20,"column":8},"end":{"line":20,"column":17}},"12":{"start":{"line":23,"column":30},"end":{"line":23,"column":56}},"13":{"start":{"line":25,"column":30},"end":{"line":25,"column":103}},"14":{"start":{"line":25,"column":74},"end":{"line":25,"column":102}},"15":{"start":{"line":26,"column":8},"end":{"line":26,"column":28}},"16":{"start":{"line":33,"column":4},"end":{"line":35,"column":5}},"17":{"start":{"line":34,"column":8},"end":{"line":34,"column":57}},"18":{"start":{"line":37,"column":24},"end":{"line":37,"column":26}},"19":{"start":{"line":39,"column":4},"end":{"line":43,"column":6}},"20":{"start":{"line":40,"column":8},"end":{"line":42,"column":9}},"21":{"start":{"line":41,"column":12},"end":{"line":41,"column":50}},"22":{"start":{"line":45,"column":24},"end":{"line":45,"column":52}},"23":{"start":{"line":47,"column":4},"end":{"line":51,"column":5}},"24":{"start":{"line":48,"column":8},"end":{"line":48,"column":16}},"25":{"start":{"line":50,"column":8},"end":{"line":50,"column":67}}},"fnMap":{"0":{"name":"(anonymous_0)","decl":{"start":{"line":1,"column":26},"end":{"line":1,"column":27}},"loc":{"start":{"line":1,"column":47},"end":{"line":1,"column":75}},"line":1},"1":{"name":"(anonymous_1)","decl":{"start":{"line":3,"column":22},"end":{"line":3,"column":23}},"loc":{"start":{"line":3,"column":33},"end":{"line":5,"column":2}},"line":3},"2":{"name":"(anonymous_2)","decl":{"start":{"line":3,"column":44},"end":{"line":3,"column":45}},"loc":{"start":{"line":3,"column":54},"end":{"line":5,"column":1}},"line":3},"3":{"name":"getUsers","decl":{"start":{"line":7,"column":9},"end":{"line":7,"column":17}},"loc":{"start":{"line":7,"column":54},"end":{"line":30,"column":1}},"line":7},"4":{"name":"(anonymous_4)","decl":{"start":{"line":11,"column":17},"end":{"line":11,"column":18}},"loc":{"start":{"line":11,"column":27},"end":{"line":17,"column":5}},"line":11},"5":{"name":"(anonymous_5)","decl":{"start":{"line":25,"column":51},"end":{"line":25,"column":52}},"loc":{"start":{"line":25,"column":74},"end":{"line":25,"column":102}},"line":25},"6":{"name":"getPlaybackTime","decl":{"start":{"line":32,"column":9},"end":{"line":32,"column":24}},"loc":{"start":{"line":32,"column":38},"end":{"line":53,"column":1}},"line":32},"7":{"name":"(anonymous_7)","decl":{"start":{"line":39,"column":20},"end":{"line":39,"column":21}},"loc":{"start":{"line":39,"column":28},"end":{"line":43,"column":5}},"line":39}},"branchMap":{"0":{"loc":{"start":{"line":1,"column":47},"end":{"line":1,"column":75}},"type":"binary-expr","locations":[{"start":{"line":1,"column":47},"end":{"line":1,"column":59}},{"start":{"line":1,"column":63},"end":{"line":1,"column":75}}],"line":1},"1":{"loc":{"start":{"line":12,"column":8},"end":{"line":16,"column":9}},"type":"if","locations":[{"start":{"line":12,"column":8},"end":{"line":16,"column":9}},{"start":{"line":12,"column":8},"end":{"line":16,"column":9}}],"line":12},"2":{"loc":{"start":{"line":13,"column":12},"end":{"line":15,"column":13}},"type":"if","locations":[{"start":{"line":13,"column":12},"end":{"line":15,"column":13}},{"start":{"line":13,"column":12},"end":{"line":15,"column":13}}],"line":13},"3":{"loc":{"start":{"line":19,"column":4},"end":{"line":27,"column":5}},"type":"if","locations":[{"start":{"line":19,"column":4},"end":{"line":27,"column":5}},{"start":{"line":19,"column":4},"end":{"line":27,"column":5}}],"line":19},"4":{"loc":{"start":{"line":33,"column":4},"end":{"line":35,"column":5}},"type":"if","locations":[{"start":{"line":33,"column":4},"end":{"line":35,"column":5}},{"start":{"line":33,"column":4},"end":{"line":35,"column":5}}],"line":33},"5":{"loc":{"start":{"line":33,"column":8},"end":{"line":33,"column":49}},"type":"binary-expr","locations":[{"start":{"line":33,"column":8},"end":{"line":33,"column":24}},{"start":{"line":33,"column":28},"end":{"line":33,"column":49}}],"line":33},"6":{"loc":{"start":{"line":40,"column":8},"end":{"line":42,"column":9}},"type":"if","locations":[{"start":{"line":40,"column":8},"end":{"line":42,"column":9}},{"start":{"line":40,"column":8},"end":{"line":42,"column":9}}],"line":40},"7":{"loc":{"start":{"line":47,"column":4},"end":{"line":51,"column":5}},"type":"if","locations":[{"start":{"line":47,"column":4},"end":{"line":51,"column":5}},{"start":{"line":47,"column":4},"end":{"line":51,"column":5}}],"line":47}},"s":{"0":2,"1":11,"2":2,"3":5,"4":6,"5":3,"6":3,"7":21,"8":11,"9":4,"10":3,"11":1,"12":2,"13":2,"14":4,"15":2,"16":4,"17":1,"18":3,"19":3,"20":21,"21":6,"22":3,"23":3,"24":1,"25":2},"f":{"0":11,"1":5,"2":6,"3":3,"4":21,"5":4,"6":4,"7":21},"b":{"0":[11,4],"1":[11,10],"2":[4,7],"3":[1,2],"4":[1,3],"5":[4,3],"6":[6,15],"7":[1,2]},"_coverageSchema":"1a1c01bbd47fc00a2c39e90264f33305004495a9","hash":"1247039158a06110bd11e4505045ebe7c791f1be"}
,"/Users/joshthom/Documents/GitHub/grip_tech_test/js/tests/data/testData.js": {"path":"/Users/joshthom/Documents/GitHub/grip_tech_test/js/tests/data/testData.js","statementMap":{"0":{"start":{"line":1,"column":23},"end":{"line":43,"column":1}}},"fnMap":{},"branchMap":{},"s":{"0":2},"f":{},"b":{},"_coverageSchema":"1a1c01bbd47fc00a2c39e90264f33305004495a9","hash":"c8ecbec5d1d461373eb075533efe3524d10411f0"}
}
