TN:
SF:index.js
FN:1,(anonymous_0)
FN:3,getUsers
FN:7,(anonymous_2)
FN:19,(anonymous_3)
FN:23,(anonymous_4)
FN:30,getPlaybackTime
FN:37,(anonymous_6)
FN:43,(anonymous_7)
FNF:8
FNH:8
FNDA:11,(anonymous_0)
FNDA:3,getUsers
FNDA:21,(anonymous_2)
FNDA:2,(anonymous_3)
FNDA:4,(anonymous_4)
FNDA:4,getPlaybackTime
FNDA:21,(anonymous_6)
FNDA:4,(anonymous_7)
DA:1,11
DA:5,3
DA:7,3
DA:8,21
DA:9,11
DA:10,4
DA:15,3
DA:16,1
DA:19,2
DA:20,2
DA:23,4
DA:24,2
DA:31,4
DA:32,1
DA:35,3
DA:37,3
DA:38,21
DA:39,6
DA:43,3
DA:44,4
DA:47,3
DA:48,1
DA:50,2
LF:23
LH:23
BRDA:1,0,0,11
BRDA:1,0,1,4
BRDA:8,1,0,11
BRDA:8,1,1,10
BRDA:9,2,0,4
BRDA:9,2,1,7
BRDA:15,3,0,1
BRDA:15,3,1,2
BRDA:31,4,0,1
BRDA:31,4,1,3
BRDA:31,5,0,4
BRDA:31,5,1,3
BRDA:38,6,0,6
BRDA:38,6,1,15
BRDA:47,7,0,1
BRDA:47,7,1,2
BRF:16
BRH:16
end_of_record
TN:
SF:tests/data/testData.js
FNF:0
FNH:0
DA:1,2
LF:1
LH:1
BRF:0
BRH:0
end_of_record
