TN:
SF:index.js
FN:1,(anonymous_0)
FN:3,(anonymous_1)
FN:3,(anonymous_2)
FN:7,getUsers
FN:11,(anonymous_4)
FN:25,(anonymous_5)
FN:32,getPlaybackTime
FN:39,(anonymous_7)
FNF:8
FNH:8
FNDA:11,(anonymous_0)
FNDA:5,(anonymous_1)
FNDA:6,(anonymous_2)
FNDA:3,getUsers
FNDA:21,(anonymous_4)
FNDA:4,(anonymous_5)
FNDA:4,getPlaybackTime
FNDA:21,(anonymous_7)
DA:1,11
DA:3,5
DA:4,6
DA:9,3
DA:11,3
DA:12,21
DA:13,11
DA:14,4
DA:19,3
DA:20,1
DA:23,2
DA:25,4
DA:26,2
DA:33,4
DA:34,1
DA:37,3
DA:39,3
DA:40,21
DA:41,6
DA:45,3
DA:47,3
DA:48,1
DA:50,2
LF:23
LH:23
BRDA:1,0,0,11
BRDA:1,0,1,4
BRDA:12,1,0,11
BRDA:12,1,1,10
BRDA:13,2,0,4
BRDA:13,2,1,7
BRDA:19,3,0,1
BRDA:19,3,1,2
BRDA:33,4,0,1
BRDA:33,4,1,3
BRDA:33,5,0,4
BRDA:33,5,1,3
BRDA:40,6,0,6
BRDA:40,6,1,15
BRDA:47,7,0,1
BRDA:47,7,1,2
BRF:16
BRH:16
end_of_record
TN:
SF:tests/data/testData.js
FNF:0
FNH:0
DA:1,2
LF:1
LH:1
BRF:0
BRH:0
end_of_record
